sample/build/outputs/logs/manifest-merger-debug-report.txt
-- Merging decision tree log ---
manifest
ADDED from GPUImage\sample\AndroidManifest.xml:1:1-33:12
	package
		ADDED from GPUImage\sample\AndroidManifest.xml:2:5-55
	xmlns:android
		ADDED from GPUImage\sample\AndroidManifest.xml:1:11-69
uses-permission#android.permission.WRITE_EXTERNAL_STORAGE
ADDED from GPUImage\sample\AndroidManifest.xml:4:5-81
	android:name
		ADDED from GPUImage\sample\AndroidManifest.xml:4:22-78
uses-permission#android.permission.CAMERA
ADDED from GPUImage\sample\AndroidManifest.xml:5:5-65
	android:name
		ADDED from GPUImage\sample\AndroidManifest.xml:5:22-62
uses-permission#android.permission.INTERNET
ADDED from GPUImage\sample\AndroidManifest.xml:8:5-67
	android:name
		ADDED from GPUImage\sample\AndroidManifest.xml:8:22-64
application
ADDED from GPUImage\sample\AndroidManifest.xml:10:5-31:19
MERGED from [com.android.support:support-v4:23.1.1] AndroidManifest.xml:22:5-20
	android:label
		ADDED from GPUImage\sample\AndroidManifest.xml:15:9-41
	android:hardwareAccelerated
		ADDED from GPUImage\sample\AndroidManifest.xml:12:9-43
	android:allowBackup
		ADDED from GPUImage\sample\AndroidManifest.xml:11:9-35
	android:icon
		ADDED from GPUImage\sample\AndroidManifest.xml:13:9-45
	android:largeHeap
		ADDED from GPUImage\sample\AndroidManifest.xml:14:9-33
	android:theme
		ADDED from GPUImage\sample\AndroidManifest.xml:16:9-40
activity#jp.co.cyberagent.android.gpuimage.sample.activity.ActivityMain
ADDED from GPUImage\sample\AndroidManifest.xml:17:9-25:20
	android:label
		ADDED from GPUImage\sample\AndroidManifest.xml:19:13-65
	android:name
		ADDED from GPUImage\sample\AndroidManifest.xml:18:13-50
intent-filter#android.intent.action.MAIN+android.intent.category.LAUNCHER
ADDED from GPUImage\sample\AndroidManifest.xml:20:13-24:29
action#android.intent.action.MAIN
ADDED from GPUImage\sample\AndroidManifest.xml:21:17-69
	android:name
		ADDED from GPUImage\sample\AndroidManifest.xml:21:25-66
category#android.intent.category.LAUNCHER
ADDED from GPUImage\sample\AndroidManifest.xml:23:17-77
	android:name
		ADDED from GPUImage\sample\AndroidManifest.xml:23:27-74
activity#jp.co.cyberagent.android.gpuimage.sample.activity.ActivityGallery
ADDED from GPUImage\sample\AndroidManifest.xml:26:9-62
	android:name
		ADDED from GPUImage\sample\AndroidManifest.xml:26:19-59
activity#jp.co.cyberagent.android.gpuimage.sample.activity.ActivityCamera
ADDED from GPUImage\sample\AndroidManifest.xml:27:9-30:59
	android:screenOrientation
		ADDED from GPUImage\sample\AndroidManifest.xml:29:13-49
	android:theme
		ADDED from GPUImage\sample\AndroidManifest.xml:30:13-56
	android:name
		ADDED from GPUImage\sample\AndroidManifest.xml:28:13-92
uses-sdk
INJECTED from GPUImage\sample\AndroidManifest.xml reason: use-sdk injection requested
MERGED from [GPUImage:library:unspecified] AndroidManifest.xml:8:5-10:41
MERGED from [com.android.support:support-v4:23.1.1] AndroidManifest.xml:20:5-43
	android:targetSdkVersion
		INJECTED from GPUImage\sample\AndroidManifest.xml
		INJECTED from GPUImage\sample\AndroidManifest.xml
	android:minSdkVersion
		INJECTED from GPUImage\sample\AndroidManifest.xml
		INJECTED from GPUImage\sample\AndroidManifest.xml